$ nmap 192.168.55.132 -p80,22 -sV -sC -A
Starting Nmap 7.98 ( https://nmap.org ) at 2026-04-05 16:19 +0000
Nmap scan report for 192.168.55.132
Host is up (0.00044s latency).

PORT   STATE SERVICE VERSION
22/tcp open  ssh     OpenSSH 7.6p1 Ubuntu 4ubuntu0.3 (Ubuntu Linux; protocol 2.0)
| ssh-hostkey: 
|   2048 9c:52:32:5b:8b:f6:38:c7:7f:a1:b7:04:85:49:54:f3 (RSA)
|   256 d6:13:56:06:15:36:24:ad:65:5e:7a:a1:8c:e5:64:f4 (ECDSA)
|_  256 1b:a9:f3:5a:d0:51:83:18:3a:23:dd:c4:a9:be:59:f0 (ED25519)
80/tcp open  http    Apache httpd 2.4.29 ((Ubuntu))
|_http-title: Apache2 Ubuntu Default Page: It works
|_http-server-header: Apache/2.4.29 (Ubuntu)
Warning: OSScan results may be unreliable because we could not find at least 1 open and 1 closed port
Device type: general purpose
Running: Linux 4.X
OS CPE: cpe:/o:linux:linux_kernel:4
OS details: Linux 4.19 - 5.15
Network Distance: 2 hops
Service Info: OS: Linux; CPE: cpe:/o:linux:linux_kernel
