 nmap 192.168.56.47 -sC -A -p- --min-rate 1000
Starting Nmap 7.98 ( https://nmap.org ) at 2026-03-30 15:19 +0000
Nmap scan report for 192.168.56.47
Host is up (0.00077s latency).
Not shown: 65529 filtered tcp ports (no-response)
PORT     STATE  SERVICE      VERSION
21/tcp   open   ftp          vsftpd 3.0.3
22/tcp   open   ssh          OpenSSH 7.9p1 Debian 10+deb10u2 (protocol 2.0)
| ssh-hostkey: 
|   2048 10:62:1f:f5:22:de:29:d4:24:96:a7:66:c3:64:b7:10 (RSA)
|   256 c9:15:ff:cd:f3:97:ec:39:13:16:48:38:c5:58:d7:5f (ECDSA)
|_  256 90:7c:a3:44:73:b4:b4:4c:e3:9c:71:d1:87:ba:ca:7b (ED25519)
80/tcp   open   http         Apache httpd 2.4.38 ((Debian))
|_http-title: Enter a title, displayed at the top of the window.
|_http-server-header: Apache/2.4.38 (Debian)
139/tcp  closed netbios-ssn
445/tcp  closed microsoft-ds
5437/tcp open   postgresql   PostgreSQL DB 11.3 - 11.9
|_ssl-date: TLS randomness does not represent time
| ssl-cert: Subject: commonName=debian
| Subject Alternative Name: DNS:debian
| Not valid before: 2020-04-27T15:41:47
|_Not valid after:  2030-04-25T15:41:47
Device type: general purpose|firewall|router
Running (JUST GUESSING): Linux 4.X|2.6.X|3.X|5.X (97%), IPFire 2.X (92%), MikroTik RouterOS 7.X (88%)
OS CPE: cpe:/o:linux:linux_kernel:4 cpe:/o:linux:linux_kernel:2.6.32 cpe:/o:linux:linux_kernel:3.10 cpe:/o:linux:linux_kernel:5.4 cpe:/o:ipfire:ipfire:2.27 cpe:/o:linux:linux_kernel:6.1 cpe:/o:mikrotik:routeros:7 cpe:/o:linux:linux_kernel:5.6.3
Aggressive OS guesses: Linux 4.19 - 5.15 (97%), Linux 2.6.32 (92%), Linux 2.6.32 or 3.10 (92%), Linux 4.0 - 4.4 (92%), Linux 4.15 (92%), Linux 5.4 (92%), IPFire 2.27 (Linux 5.15 - 6.1) (92%), Linux 2.6.32 - 2.6.35 (90%), Linux 2.6.32 - 2.6.39 (90%), Linux 2.6.32 - 3.0 (88%)
No exact OS matches for host (test conditions non-ideal).
Network Distance: 2 hops
Service Info: OSs: Unix, Linux; CPE: cpe:/o:linux:linux_kernel

TRACEROUTE (using port 445/tcp)
HOP RTT     ADDRESS
1   0.21 ms 192.168.49.1
2   0.76 ms 192.168.56.47

OS and Service detection performed. Please report any incorrect results at https://nmap.org/submit/ .
Nmap done: 1 IP address (1 host up) scanned in 119.04 seconds
