$ nmap 192.168.68.12 -p- -sC -A
Starting Nmap 7.98 ( https://nmap.org ) at 2026-04-01 18:31 +0000
Nmap scan report for 192.168.68.12
Host is up (0.00075s latency).
Not shown: 65533 closed tcp ports (reset)
PORT   STATE SERVICE VERSION
22/tcp open  ssh     OpenSSH 8.2p1 Ubuntu 4ubuntu0.5 (Ubuntu Linux; protocol 2.0)
| ssh-hostkey: 
|   3072 98:4e:5d:e1:e6:97:29:6f:d9:e0:d4:82:a8:f6:4f:3f (RSA)
|   256 57:23:57:1f:fd:77:06:be:25:66:61:14:6d:ae:5e:98 (ECDSA)
|_  256 c7:9b:aa:d5:a6:33:35:91:34:1e:ef:cf:61:a8:30:1c (ED25519)
80/tcp open  http    Apache httpd 2.4.41
|_http-server-header: Apache/2.4.41 (Ubuntu)
|_http-title: Index of /
| http-ls: Volume /
| SIZE  TIME              FILENAME
| -     2021-03-17 17:46  grav-admin/
|_
Device type: general purpose
Running: Linux 4.X
OS CPE: cpe:/o:linux:linux_kernel:4
OS details: Linux 4.19 - 5.15
Network Distance: 2 hops
Service Info: Host: 127.0.0.1; OS: Linux; CPE: cpe:/o:linux:linux_kernel

TRACEROUTE (using port 8888/tcp)
HOP RTT     ADDRESS
1   0.20 ms 192.168.49.1
2   0.50 ms 192.168.68.12

OS and Service detection performed. Please report any incorrect results at https://nmap.org/submit/ .
Nmap done: 1 IP address (1 host up) scanned in 12.64 seconds

